<?xml version="1.0" encoding="UTF-8"?>
<!-- Generated by org.testng.reporters.JUnitReportReporter -->
<testsuite hostname="DESKTOP-8JH432I" failures="0" tests="1" name="Com.ShoppersStack_TestScripts.TC_002_Verify_user_is_able_to_delete_address_or_not" time="26.436" errors="0" timestamp="2025-02-27T15:19:25 IST" skipped="0">
  <testcase classname="Com.ShoppersStack_TestScripts.TC_002_Verify_user_is_able_to_delete_address_or_not" name="deleteAddress" time="26.436"/>
</testsuite> <!-- Com.ShoppersStack_TestScripts.TC_002_Verify_user_is_able_to_delete_address_or_not -->
