<?xml version="1.0" encoding="UTF-8"?>
<!-- Generated by org.testng.reporters.JUnitReportReporter -->
<testsuite hostname="DESKTOP-8JH432I" failures="0" tests="1" name="Com.ShoppersStack_TestScripts.TC_002_Verify_user_is_able_to_delete_address_or_not_Test" time="21.285" errors="0" timestamp="2025-02-28T14:58:36 IST" skipped="0">
  <testcase classname="Com.ShoppersStack_TestScripts.TC_002_Verify_user_is_able_to_delete_address_or_not_Test" name="deleteAddress" time="21.285"/>
</testsuite> <!-- Com.ShoppersStack_TestScripts.TC_002_Verify_user_is_able_to_delete_address_or_not_Test -->
